client/android/app/build/intermediates/manifest_merge_blame_file/debug/manifest-merger-blame-debug-report.txt
1<?xml version="1.0" encoding="utf-8"?>
2<manifest xmlns:android="http://schemas.android.com/apk/res/android"
3    package="com.rn_push"
4    android:versionCode="1"
5    android:versionName="1.0.0" >
6
7    <uses-sdk
8        android:minSdkVersion="21"
8-->src/main/AndroidManifest.xml
9        android:targetSdkVersion="28" />
9-->src/main/AndroidManifest.xml
10
11    <permission
11-->src/main/AndroidManifest.xml:7:3-9:42
12        android:name="com.rn_push.permission.C2D_MESSAGE"
12-->src/main/AndroidManifest.xml:8:5-54
13        android:protectionLevel="signature" />
13-->src/main/AndroidManifest.xml:9:5-40
14
15    <!-- These are required permissions to make the app run -->
16    <uses-permission android:name="com.rn_push.permission.C2D_MESSAGE" />
16-->src/main/AndroidManifest.xml:12:3-72
16-->src/main/AndroidManifest.xml:12:20-69
17    <uses-permission android:name="com.google.android.c2dm.permission.RECEIVE" />
17-->src/main/AndroidManifest.xml:13:3-80
17-->src/main/AndroidManifest.xml:13:20-77
18    <uses-permission android:name="android.permission.ACCESS_NETWORK_STATE" />
18-->src/main/AndroidManifest.xml:14:3-77
18-->src/main/AndroidManifest.xml:14:20-74
19    <uses-permission android:name="android.permission.INTERNET" />
19-->src/main/AndroidManifest.xml:15:3-65
19-->src/main/AndroidManifest.xml:15:20-62
20    <uses-permission android:name="android.permission.SYSTEM_ALERT_WINDOW" />
20-->src/main/AndroidManifest.xml:16:3-76
20-->src/main/AndroidManifest.xml:16:20-73
21    <uses-permission android:name="android.permission.WAKE_LOCK" />
21-->src/main/AndroidManifest.xml:17:3-66
21-->src/main/AndroidManifest.xml:17:20-63
22
23    <!-- ADD PERMISSIONS HERE -->
24    <!-- BEGIN OPTIONAL PERMISSIONS -->
25    <uses-permission android:name="android.permission.MANAGE_DOCUMENTS" />
25-->src/main/AndroidManifest.xml:21:3-73
25-->src/main/AndroidManifest.xml:21:20-70
26    <uses-permission android:name="android.permission.READ_INTERNAL_STORAGE" />
26-->src/main/AndroidManifest.xml:22:3-78
26-->src/main/AndroidManifest.xml:22:20-75
27    <uses-permission android:name="android.permission.READ_PHONE_STATE" />
27-->src/main/AndroidManifest.xml:23:3-73
27-->src/main/AndroidManifest.xml:23:20-70
28    <uses-permission android:name="android.permission.USE_FINGERPRINT" />
28-->src/main/AndroidManifest.xml:24:3-72
28-->src/main/AndroidManifest.xml:24:20-69
29    <uses-permission android:name="android.permission.VIBRATE" />
29-->src/main/AndroidManifest.xml:25:3-64
29-->src/main/AndroidManifest.xml:25:20-61
30    <uses-permission android:name="com.android.launcher.permission.INSTALL_SHORTCUT" />
30-->src/main/AndroidManifest.xml:26:3-86
30-->src/main/AndroidManifest.xml:26:20-83
31    <uses-permission android:name="android.permission.MODIFY_AUDIO_SETTINGS" />
31-->src/main/AndroidManifest.xml:27:3-78
31-->src/main/AndroidManifest.xml:27:20-75
32
33    <!-- These require runtime permissions on M -->
34    <uses-permission android:name="android.permission.ACCESS_COARSE_LOCATION" />
34-->src/main/AndroidManifest.xml:30:3-79
34-->src/main/AndroidManifest.xml:30:20-76
35    <uses-permission android:name="android.permission.ACCESS_FINE_LOCATION" />
35-->src/main/AndroidManifest.xml:31:3-77
35-->src/main/AndroidManifest.xml:31:20-74
36    <uses-permission android:name="android.permission.CAMERA" />
36-->src/main/AndroidManifest.xml:32:3-63
36-->src/main/AndroidManifest.xml:32:20-60
37    <uses-permission android:name="android.permission.READ_CONTACTS" />
37-->src/main/AndroidManifest.xml:33:3-70
37-->src/main/AndroidManifest.xml:33:20-67
38    <uses-permission android:name="android.permission.READ_CALENDAR" />
38-->src/main/AndroidManifest.xml:34:3-70
38-->src/main/AndroidManifest.xml:34:20-67
39    <uses-permission android:name="android.permission.WRITE_CALENDAR" />
39-->src/main/AndroidManifest.xml:35:3-71
39-->src/main/AndroidManifest.xml:35:20-68
40    <uses-permission android:name="android.permission.READ_EXTERNAL_STORAGE" />
40-->src/main/AndroidManifest.xml:36:3-78
40-->src/main/AndroidManifest.xml:36:20-75
41    <uses-permission android:name="android.permission.RECORD_AUDIO" />
41-->src/main/AndroidManifest.xml:37:3-69
41-->src/main/AndroidManifest.xml:37:20-66
42    <uses-permission android:name="android.permission.WRITE_EXTERNAL_STORAGE" />
42-->src/main/AndroidManifest.xml:38:3-79
42-->src/main/AndroidManifest.xml:38:20-76
43    <uses-permission android:name="android.permission.WRITE_SETTINGS" />
43-->src/main/AndroidManifest.xml:39:3-71
43-->src/main/AndroidManifest.xml:39:20-68
44    <!-- END OPTIONAL PERMISSIONS -->
45
46
47    <!-- ADD TEST PERMISSIONS HERE -->
48
49    <uses-feature
49-->src/main/AndroidManifest.xml:44:3-77
50        android:glEsVersion="0x00020000"
50-->src/main/AndroidManifest.xml:44:17-49
51        android:required="true" />
51-->src/main/AndroidManifest.xml:44:50-74
52    <uses-feature
52-->src/main/AndroidManifest.xml:45:3-85
53        android:name="android.software.leanback"
53-->src/main/AndroidManifest.xml:45:17-57
54        android:required="false" />
54-->src/main/AndroidManifest.xml:45:58-82
55    <uses-feature
55-->src/main/AndroidManifest.xml:46:3-88
56        android:name="android.hardware.touchscreen"
56-->src/main/AndroidManifest.xml:46:17-60
57        android:required="false" />
57-->src/main/AndroidManifest.xml:46:61-85
58
59    <!-- WHEN_VERSIONING_REMOVE_FROM_HERE -->
60    <supports-screens
60-->[host.exp.exponent:expoview:36.0.0] AndroidManifest.xml:13:5-19:24
61        android:anyDensity="true"
61-->[host.exp.exponent:expoview:36.0.0] AndroidManifest.xml:14:9-34
62        android:largeScreens="true"
62-->[host.exp.exponent:expoview:36.0.0] AndroidManifest.xml:15:9-36
63        android:normalScreens="true"
63-->[host.exp.exponent:expoview:36.0.0] AndroidManifest.xml:16:9-37
64        android:smallScreens="true"
64-->[host.exp.exponent:expoview:36.0.0] AndroidManifest.xml:17:9-36
65        android:xlargeScreens="true" >
65-->[host.exp.exponent:expoview:36.0.0] AndroidManifest.xml:18:9-37
66    </supports-screens>
67
68    <uses-permission android:name="host.exp.exponent.permission.C2D_MESSAGE" /> <!-- Used by react-native-netinfo module -->
68-->[host.exp.exponent:expoview:36.0.0] AndroidManifest.xml:26:5-80
68-->[host.exp.exponent:expoview:36.0.0] AndroidManifest.xml:26:22-77
69    <uses-permission android:name="android.permission.ACCESS_WIFI_STATE" />
69-->[host.exp.exponent:expoview:36.0.0] AndroidManifest.xml:34:5-76
69-->[host.exp.exponent:expoview:36.0.0] AndroidManifest.xml:34:22-73
70
71    <uses-feature
71-->[host.exp.exponent:expoview:36.0.0] AndroidManifest.xml:47:5-49:36
72        android:name="android.hardware.camera"
72-->[host.exp.exponent:expoview:36.0.0] AndroidManifest.xml:48:9-47
73        android:required="false" />
73-->[host.exp.exponent:expoview:36.0.0] AndroidManifest.xml:49:9-33
74    <uses-feature
74-->[host.exp.exponent:expoview:36.0.0] AndroidManifest.xml:50:5-52:36
75        android:name="android.hardware.camera.autofocus"
75-->[host.exp.exponent:expoview:36.0.0] AndroidManifest.xml:51:9-57
76        android:required="false" />
76-->[host.exp.exponent:expoview:36.0.0] AndroidManifest.xml:52:9-33
77    <uses-feature
77-->[host.exp.exponent:expoview:36.0.0] AndroidManifest.xml:53:5-55:36
78        android:name="android.hardware.location"
78-->[host.exp.exponent:expoview:36.0.0] AndroidManifest.xml:54:9-49
79        android:required="false" />
79-->[host.exp.exponent:expoview:36.0.0] AndroidManifest.xml:55:9-33
80    <uses-feature
80-->[host.exp.exponent:expoview:36.0.0] AndroidManifest.xml:56:5-58:36
81        android:name="android.hardware.location.gps"
81-->[host.exp.exponent:expoview:36.0.0] AndroidManifest.xml:57:9-53
82        android:required="false" />
82-->[host.exp.exponent:expoview:36.0.0] AndroidManifest.xml:58:9-33
83    <uses-feature
83-->[host.exp.exponent:expoview:36.0.0] AndroidManifest.xml:59:5-61:36
84        android:name="android.hardware.location.network"
84-->[host.exp.exponent:expoview:36.0.0] AndroidManifest.xml:60:9-57
85        android:required="false" />
85-->[host.exp.exponent:expoview:36.0.0] AndroidManifest.xml:61:9-33
86    <uses-feature
86-->[host.exp.exponent:expoview:36.0.0] AndroidManifest.xml:62:5-64:36
87        android:name="android.hardware.wifi"
87-->[host.exp.exponent:expoview:36.0.0] AndroidManifest.xml:63:9-45
88        android:required="false" />
88-->[host.exp.exponent:expoview:36.0.0] AndroidManifest.xml:64:9-33
89    <uses-feature
89-->[host.exp.exponent:expoview:36.0.0] AndroidManifest.xml:65:5-67:36
90        android:name="android.hardware.microphone"
90-->[host.exp.exponent:expoview:36.0.0] AndroidManifest.xml:66:9-51
91        android:required="false" />
91-->[host.exp.exponent:expoview:36.0.0] AndroidManifest.xml:67:9-33
92    <uses-feature
92-->[host.exp.exponent:expoview:36.0.0] AndroidManifest.xml:68:5-70:36
93        android:name="android.hardware.telephony"
93-->[host.exp.exponent:expoview:36.0.0] AndroidManifest.xml:69:9-50
94        android:required="false" />
94-->[host.exp.exponent:expoview:36.0.0] AndroidManifest.xml:70:9-33
95    <uses-feature
95-->[host.exp.exponent:expoview:36.0.0] AndroidManifest.xml:71:5-73:36
96        android:name="android.hardware.bluetooth"
96-->[host.exp.exponent:expoview:36.0.0] AndroidManifest.xml:72:9-50
97        android:required="false" />
97-->[host.exp.exponent:expoview:36.0.0] AndroidManifest.xml:73:9-33
98
99    <uses-permission android:name="android.permission.STORAGE" />
99-->[:expo-file-system] AndroidManifest.xml:15:5-66
99-->[:expo-file-system] AndroidManifest.xml:15:22-63
100    <uses-permission android:name="android.permission.FOREGROUND_SERVICE" /> <!-- for android -->
100-->[:expo-location] AndroidManifest.xml:13:5-77
100-->[:expo-location] AndroidManifest.xml:13:22-74
101    <!-- <uses-permission android:name="com.android.launcher.permission.READ_SETTINGS"/> -->
102    <!-- <uses-permission android:name="com.android.launcher.permission.WRITE_SETTINGS"/> -->
103    <!-- <uses-permission android:name="com.android.launcher.permission.INSTALL_SHORTCUT" /> -->
104    <!-- <uses-permission android:name="com.android.launcher.permission.UNINSTALL_SHORTCUT" /> -->
105    <!-- for Samsung -->
106    <uses-permission android:name="com.sec.android.provider.badge.permission.READ" />
106-->[me.leolin:ShortcutBadger:1.1.4] AndroidManifest.xml:19:5-86
106-->[me.leolin:ShortcutBadger:1.1.4] AndroidManifest.xml:19:22-83
107    <uses-permission android:name="com.sec.android.provider.badge.permission.WRITE" /> <!-- for htc -->
107-->[me.leolin:ShortcutBadger:1.1.4] AndroidManifest.xml:20:5-87
107-->[me.leolin:ShortcutBadger:1.1.4] AndroidManifest.xml:20:22-84
108    <uses-permission android:name="com.htc.launcher.permission.READ_SETTINGS" />
108-->[me.leolin:ShortcutBadger:1.1.4] AndroidManifest.xml:23:5-81
108-->[me.leolin:ShortcutBadger:1.1.4] AndroidManifest.xml:23:22-78
109    <uses-permission android:name="com.htc.launcher.permission.UPDATE_SHORTCUT" /> <!-- for sony -->
109-->[me.leolin:ShortcutBadger:1.1.4] AndroidManifest.xml:24:5-83
109-->[me.leolin:ShortcutBadger:1.1.4] AndroidManifest.xml:24:22-80
110    <uses-permission android:name="com.sonyericsson.home.permission.BROADCAST_BADGE" /> <!-- for apex -->
110-->[me.leolin:ShortcutBadger:1.1.4] AndroidManifest.xml:27:5-88
110-->[me.leolin:ShortcutBadger:1.1.4] AndroidManifest.xml:27:22-85
111    <uses-permission android:name="com.anddoes.launcher.permission.UPDATE_COUNT" /> <!-- for solid -->
111-->[me.leolin:ShortcutBadger:1.1.4] AndroidManifest.xml:30:5-84
111-->[me.leolin:ShortcutBadger:1.1.4] AndroidManifest.xml:30:22-81
112    <uses-permission android:name="com.majeur.launcher.permission.UPDATE_BADGE" />
112-->[me.leolin:ShortcutBadger:1.1.4] AndroidManifest.xml:33:5-83
112-->[me.leolin:ShortcutBadger:1.1.4] AndroidManifest.xml:33:22-80
113    <uses-permission android:name="com.google.android.providers.gsf.permission.READ_GSERVICES" />
113-->[io.nlopez.smartlocation:library:3.2.11] AndroidManifest.xml:15:5-98
113-->[io.nlopez.smartlocation:library:3.2.11] AndroidManifest.xml:15:22-95
114    <uses-permission android:name="com.google.android.gms.permission.ACTIVITY_RECOGNITION" />
114-->[io.nlopez.smartlocation:library:3.2.11] AndroidManifest.xml:16:5-94
114-->[io.nlopez.smartlocation:library:3.2.11] AndroidManifest.xml:16:22-91
115    <uses-permission android:name="com.google.android.finsky.permission.BIND_GET_INSTALL_REFERRER_SERVICE" />
115-->[com.google.android.gms:play-services-measurement:16.5.0] AndroidManifest.xml:26:5-110
115-->[com.google.android.gms:play-services-measurement:16.5.0] AndroidManifest.xml:26:22-107
116
117    <application
117-->src/main/AndroidManifest.xml:48:3-360:17
118        android:name="host.exp.exponent.MainApplication"
118-->src/main/AndroidManifest.xml:49:5-36
119        android:allowBackup="true"
119-->src/main/AndroidManifest.xml:50:5-31
120        android:appComponentFactory="androidx.core.app.CoreComponentFactory"
120-->[androidx.core:core:1.1.0] AndroidManifest.xml:24:18-86
121        android:debuggable="true"
122        android:icon="@mipmap/ic_launcher"
122-->src/main/AndroidManifest.xml:51:5-39
123        android:label="@string/app_name"
123-->src/main/AndroidManifest.xml:52:5-37
124        android:largeHeap="true"
124-->src/main/AndroidManifest.xml:53:5-29
125        android:supportsRtl="true"
125-->[com.facebook.android:facebook-android-sdk:5.0.1] AndroidManifest.xml:28:18-44
126        android:testOnly="true"
127        android:usesCleartextTraffic="true" >
127-->src/main/AndroidManifest.xml:54:5-40
128        <activity
128-->src/main/AndroidManifest.xml:56:5-61:16
129            android:name="host.exp.exponent.LauncherActivity"
129-->src/main/AndroidManifest.xml:57:7-39
130            android:exported="true"
130-->src/main/AndroidManifest.xml:58:7-30
131            android:launchMode="singleTask"
131-->src/main/AndroidManifest.xml:59:7-38
132            android:theme="@android:style/Theme.Translucent.NoTitleBar" >
132-->src/main/AndroidManifest.xml:60:7-66
133        </activity>
134        <activity
134-->src/main/AndroidManifest.xml:63:5-68:16
135            android:name="host.exp.exponent.experience.ExperienceActivity"
135-->src/main/AndroidManifest.xml:64:7-52
136            android:configChanges="keyboard|keyboardHidden|orientation|screenSize"
136-->src/main/AndroidManifest.xml:65:7-77
137            android:theme="@style/Theme.Exponent.Light"
137-->src/main/AndroidManifest.xml:66:7-50
138            android:windowSoftInputMode="adjustResize" >
138-->src/main/AndroidManifest.xml:67:7-49
139        </activity>
140        <activity
140-->src/main/AndroidManifest.xml:70:5-90:16
141            android:name="host.exp.exponent.MainActivity"
141-->src/main/AndroidManifest.xml:71:7-35
142            android:configChanges="keyboard|keyboardHidden|orientation|screenSize"
142-->src/main/AndroidManifest.xml:73:7-77
143            android:launchMode="singleTask"
143-->src/main/AndroidManifest.xml:72:7-38
144            android:theme="@style/Theme.Exponent.Splash"
144-->src/main/AndroidManifest.xml:74:7-51
145            android:windowSoftInputMode="adjustResize" >
145-->src/main/AndroidManifest.xml:75:7-49
146            <intent-filter>
146-->src/main/AndroidManifest.xml:76:7-83:23
147                <data android:scheme="expf06a20d3a9d34d27a094d552b520adb6" />
147-->src/main/AndroidManifest.xml:77:9-69
147-->src/main/AndroidManifest.xml:77:15-67
148
149                <action android:name="android.intent.action.VIEW" />
149-->src/main/AndroidManifest.xml:79:9-60
149-->src/main/AndroidManifest.xml:79:17-58
150
151                <category android:name="android.intent.category.DEFAULT" />
151-->src/main/AndroidManifest.xml:81:9-67
151-->src/main/AndroidManifest.xml:81:19-65
152                <category android:name="android.intent.category.BROWSABLE" />
152-->src/main/AndroidManifest.xml:82:9-69
152-->src/main/AndroidManifest.xml:82:19-67
153            </intent-filter>
154            <intent-filter>
154-->src/main/AndroidManifest.xml:84:7-88:23
155                <action android:name="android.intent.action.MAIN" />
155-->src/main/AndroidManifest.xml:85:9-60
155-->src/main/AndroidManifest.xml:85:17-58
156
157                <category android:name="android.intent.category.LAUNCHER" />
157-->src/main/AndroidManifest.xml:87:9-68
157-->src/main/AndroidManifest.xml:87:19-66
158            </intent-filter>
159            <!-- ADD DETACH APP SPECIFIC INTENT FILTERS -->
160        </activity>
161        <activity
161-->src/main/AndroidManifest.xml:92:5-98:16
162            android:name="host.exp.exponent.experience.HomeActivity"
162-->src/main/AndroidManifest.xml:93:7-46
163            android:label="@string/app_name"
163-->src/main/AndroidManifest.xml:94:7-39
164            android:launchMode="singleTask"
164-->src/main/AndroidManifest.xml:95:7-38
165            android:screenOrientation="portrait"
165-->src/main/AndroidManifest.xml:96:7-43
166            android:theme="@style/Theme.Exponent.Light" >
166-->src/main/AndroidManifest.xml:97:7-50
167        </activity>
168        <activity
168-->src/main/AndroidManifest.xml:100:5-109:15
169            android:name="host.exp.exponent.experience.TvActivity"
169-->src/main/AndroidManifest.xml:101:7-44
170            android:label="@string/app_name"
170-->src/main/AndroidManifest.xml:102:7-39
171            android:screenOrientation="landscape"
171-->src/main/AndroidManifest.xml:104:7-44
172            android:theme="@style/Theme.Exponent.Light" >
172-->src/main/AndroidManifest.xml:103:7-50
173            <intent-filter>
173-->src/main/AndroidManifest.xml:105:6-108:22
174                <action android:name="android.intent.action.MAIN" />
174-->src/main/AndroidManifest.xml:85:9-60
174-->src/main/AndroidManifest.xml:85:17-58
175
176                <category android:name="android.intent.category.LEANBACK_LAUNCHER" />
176-->src/main/AndroidManifest.xml:107:8-77
176-->src/main/AndroidManifest.xml:107:18-74
177            </intent-filter>
178        </activity>
179        <activity android:name="com.facebook.react.devsupport.DevSettingsActivity" />
179-->src/main/AndroidManifest.xml:113:5-81
179-->src/main/AndroidManifest.xml:113:15-79
180        <!-- WHEN_PREPARING_SHELL_REMOVE_FROM_HERE -->
181        <!-- ADD DEV SETTINGS HERE -->
182        <!-- BEGIN_SDK_36 -->
183        <activity android:name="abi36_0_0.com.facebook.react.devsupport.DevSettingsActivity" />
183-->src/main/AndroidManifest.xml:117:5-91
183-->src/main/AndroidManifest.xml:117:15-89
184        <!-- END_SDK_36 -->
185        <!-- BEGIN_SDK_35 -->
186        <activity android:name="abi35_0_0.com.facebook.react.devsupport.DevSettingsActivity" />
186-->src/main/AndroidManifest.xml:120:5-91
186-->src/main/AndroidManifest.xml:120:15-89
187        <!-- END_SDK_35 -->
188        <!-- BEGIN_SDK_34 -->
189        <activity android:name="abi34_0_0.com.facebook.react.devsupport.DevSettingsActivity" />
189-->src/main/AndroidManifest.xml:123:5-91
189-->src/main/AndroidManifest.xml:123:15-89
190        <!-- END_SDK_34 -->
191        <!-- BEGIN_SDK_33 -->
192        <activity android:name="abi33_0_0.com.facebook.react.devsupport.DevSettingsActivity" />
192-->src/main/AndroidManifest.xml:126:5-91
192-->src/main/AndroidManifest.xml:126:15-89
193        <!-- END_SDK_33 -->
194        <!-- WHEN_PREPARING_SHELL_REMOVE_TO_HERE -->
195
196        <activity android:name="net.openid.appauth.RedirectUriReceiverActivity" >
196-->src/main/AndroidManifest.xml:130:5-139:16
196-->src/main/AndroidManifest.xml:131:9-70
197            <intent-filter>
197-->src/main/AndroidManifest.xml:133:7-138:23
198                <action android:name="android.intent.action.VIEW" />
198-->src/main/AndroidManifest.xml:79:9-60
198-->src/main/AndroidManifest.xml:79:17-58
199
200                <category android:name="android.intent.category.DEFAULT" />
200-->src/main/AndroidManifest.xml:81:9-67
200-->src/main/AndroidManifest.xml:81:19-65
201                <category android:name="android.intent.category.BROWSABLE" />
201-->src/main/AndroidManifest.xml:82:9-69
201-->src/main/AndroidManifest.xml:82:19-67
202
203                <data
203-->src/main/AndroidManifest.xml:77:9-69
204                    android:path="oauthredirect"
204-->src/main/AndroidManifest.xml:137:44-72
205                    android:scheme="com.rn_push" />
205-->src/main/AndroidManifest.xml:77:15-67
206            </intent-filter>
207        </activity>
208
209        <!-- START OF STRIPE SCHEMES -->
210        <activity
210-->src/main/AndroidManifest.xml:142:5-153:16
211            android:name="expo.modules.payments.stripe.RedirectUriReceiver"
211-->src/main/AndroidManifest.xml:145:9-72
212            android:exported="true"
212-->src/main/AndroidManifest.xml:143:9-32
213            android:launchMode="singleTask"
213-->src/main/AndroidManifest.xml:144:9-40
214            android:theme="@android:style/Theme.Translucent.NoTitleBar.Fullscreen" >
214-->src/main/AndroidManifest.xml:146:9-79
215            <intent-filter>
215-->src/main/AndroidManifest.xml:147:9-152:25
216                <action android:name="android.intent.action.VIEW" />
216-->src/main/AndroidManifest.xml:79:9-60
216-->src/main/AndroidManifest.xml:79:17-58
217
218                <category android:name="android.intent.category.DEFAULT" />
218-->src/main/AndroidManifest.xml:81:9-67
218-->src/main/AndroidManifest.xml:81:19-65
219                <category android:name="android.intent.category.BROWSABLE" />
219-->src/main/AndroidManifest.xml:82:9-69
219-->src/main/AndroidManifest.xml:82:19-67
220
221                <data android:scheme="expo.modules.payments.stripe.70a50128-5d0c-43b2-a77b-9a72bc1b32c2" />
221-->src/main/AndroidManifest.xml:77:9-69
221-->src/main/AndroidManifest.xml:77:15-67
222            </intent-filter>
223        </activity>
224        <!-- Versioned Activity for Stripe -->
225        <!-- BEGIN_SDK_36 -->
226        <activity
226-->src/main/AndroidManifest.xml:156:5-167:16
227            android:name="abi36_0_0.expo.modules.payments.stripe.RedirectUriReceiver"
227-->src/main/AndroidManifest.xml:159:7-80
228            android:exported="true"
228-->src/main/AndroidManifest.xml:157:7-30
229            android:launchMode="singleTask"
229-->src/main/AndroidManifest.xml:158:7-38
230            android:theme="@android:style/Theme.Translucent.NoTitleBar.Fullscreen" >
230-->src/main/AndroidManifest.xml:160:7-77
231            <intent-filter>
231-->src/main/AndroidManifest.xml:161:7-166:23
232                <action android:name="android.intent.action.VIEW" />
232-->src/main/AndroidManifest.xml:79:9-60
232-->src/main/AndroidManifest.xml:79:17-58
233
234                <category android:name="android.intent.category.DEFAULT" />
234-->src/main/AndroidManifest.xml:81:9-67
234-->src/main/AndroidManifest.xml:81:19-65
235                <category android:name="android.intent.category.BROWSABLE" />
235-->src/main/AndroidManifest.xml:82:9-69
235-->src/main/AndroidManifest.xml:82:19-67
236
237                <data android:scheme="abi36_0_0.expo.modules.payments.stripe" />
237-->src/main/AndroidManifest.xml:77:9-69
237-->src/main/AndroidManifest.xml:77:15-67
238            </intent-filter>
239        </activity>
240        <!-- END_SDK_36 -->
241        <!-- BEGIN_SDK_35 -->
242        <activity
242-->src/main/AndroidManifest.xml:170:3-181:14
243            android:name="abi35_0_0.expo.modules.payments.stripe.RedirectUriReceiver"
243-->src/main/AndroidManifest.xml:173:4-77
244            android:exported="true"
244-->src/main/AndroidManifest.xml:171:4-27
245            android:launchMode="singleTask"
245-->src/main/AndroidManifest.xml:172:4-35
246            android:theme="@android:style/Theme.Translucent.NoTitleBar.Fullscreen" >
246-->src/main/AndroidManifest.xml:174:4-74
247            <intent-filter>
247-->src/main/AndroidManifest.xml:175:4-180:20
248                <action android:name="android.intent.action.VIEW" />
248-->src/main/AndroidManifest.xml:79:9-60
248-->src/main/AndroidManifest.xml:79:17-58
249
250                <category android:name="android.intent.category.DEFAULT" />
250-->src/main/AndroidManifest.xml:81:9-67
250-->src/main/AndroidManifest.xml:81:19-65
251                <category android:name="android.intent.category.BROWSABLE" />
251-->src/main/AndroidManifest.xml:82:9-69
251-->src/main/AndroidManifest.xml:82:19-67
252
253                <data android:scheme="abi35_0_0.expo.modules.payments.stripe" />
253-->src/main/AndroidManifest.xml:77:9-69
253-->src/main/AndroidManifest.xml:77:15-67
254            </intent-filter>
255        </activity>
256        <!-- END_SDK_35 -->
257        <!-- BEGIN_SDK_34 -->
258        <activity
258-->src/main/AndroidManifest.xml:184:5-195:16
259            android:name="abi34_0_0.expo.modules.payments.stripe.RedirectUriReceiver"
259-->src/main/AndroidManifest.xml:187:7-80
260            android:exported="true"
260-->src/main/AndroidManifest.xml:185:7-30
261            android:launchMode="singleTask"
261-->src/main/AndroidManifest.xml:186:7-38
262            android:theme="@android:style/Theme.Translucent.NoTitleBar.Fullscreen" >
262-->src/main/AndroidManifest.xml:188:7-77
263            <intent-filter>
263-->src/main/AndroidManifest.xml:189:7-194:23
264                <action android:name="android.intent.action.VIEW" />
264-->src/main/AndroidManifest.xml:79:9-60
264-->src/main/AndroidManifest.xml:79:17-58
265
266                <category android:name="android.intent.category.DEFAULT" />
266-->src/main/AndroidManifest.xml:81:9-67
266-->src/main/AndroidManifest.xml:81:19-65
267                <category android:name="android.intent.category.BROWSABLE" />
267-->src/main/AndroidManifest.xml:82:9-69
267-->src/main/AndroidManifest.xml:82:19-67
268
269                <data android:scheme="abi34_0_0.expo.modules.payments.stripe" />
269-->src/main/AndroidManifest.xml:77:9-69
269-->src/main/AndroidManifest.xml:77:15-67
270            </intent-filter>
271        </activity>
272        <!-- END_SDK_34 -->
273        <!-- BEGIN_SDK_33 -->
274        <activity
274-->src/main/AndroidManifest.xml:198:5-209:16
275            android:name="abi33_0_0.expo.modules.payments.stripe.RedirectUriReceiver"
275-->src/main/AndroidManifest.xml:201:7-80
276            android:exported="true"
276-->src/main/AndroidManifest.xml:199:7-30
277            android:launchMode="singleTask"
277-->src/main/AndroidManifest.xml:200:7-38
278            android:theme="@android:style/Theme.Translucent.NoTitleBar.Fullscreen" >
278-->src/main/AndroidManifest.xml:202:7-77
279            <intent-filter>
279-->src/main/AndroidManifest.xml:203:7-208:23
280                <action android:name="android.intent.action.VIEW" />
280-->src/main/AndroidManifest.xml:79:9-60
280-->src/main/AndroidManifest.xml:79:17-58
281
282                <category android:name="android.intent.category.DEFAULT" />
282-->src/main/AndroidManifest.xml:81:9-67
282-->src/main/AndroidManifest.xml:81:19-65
283                <category android:name="android.intent.category.BROWSABLE" />
283-->src/main/AndroidManifest.xml:82:9-69
283-->src/main/AndroidManifest.xml:82:19-67
284
285                <data android:scheme="abi33_0_0.expo.modules.payments.stripe" />
285-->src/main/AndroidManifest.xml:77:9-69
285-->src/main/AndroidManifest.xml:77:15-67
286            </intent-filter>
287        </activity>
288        <!-- END_SDK_33 -->
289        <!-- END OF STRIPE SCHEMES -->
290
291        <activity
291-->src/main/AndroidManifest.xml:213:5-217:16
292            android:name="host.exp.exponent.experience.ErrorActivity"
292-->src/main/AndroidManifest.xml:214:7-47
293            android:screenOrientation="portrait"
293-->src/main/AndroidManifest.xml:216:7-43
294            android:theme="@style/Theme.Exponent.Dark" >
294-->src/main/AndroidManifest.xml:215:7-49
295        </activity>
296        <activity
296-->src/main/AndroidManifest.xml:219:5-223:16
297            android:name="host.exp.exponent.experience.InfoActivity"
297-->src/main/AndroidManifest.xml:220:7-46
298            android:screenOrientation="portrait"
298-->src/main/AndroidManifest.xml:221:7-43
299            android:theme="@style/Theme.Exponent.Light" >
299-->src/main/AndroidManifest.xml:222:7-50
300        </activity>
301        <activity
301-->src/main/AndroidManifest.xml:225:5-230:39
302            android:name="com.facebook.FacebookActivity"
302-->src/main/AndroidManifest.xml:226:7-51
303            android:configChanges="keyboard|keyboardHidden|screenLayout|screenSize|orientation"
303-->src/main/AndroidManifest.xml:227:7-90
304            android:label="@string/app_name"
304-->src/main/AndroidManifest.xml:228:7-39
305            android:theme="@android:style/Theme.Translucent.NoTitleBar" />
305-->src/main/AndroidManifest.xml:229:7-66
306        <activity
306-->src/main/AndroidManifest.xml:232:5-236:69
307            android:name="com.facebook.ads.InterstitialAdActivity"
307-->src/main/AndroidManifest.xml:233:7-61
308            android:configChanges="keyboard|keyboardHidden|screenLayout|screenSize|orientation"
308-->src/main/AndroidManifest.xml:234:7-90
309            android:label="@string/app_name"
309-->src/main/AndroidManifest.xml:235:7-39
310            android:theme="@android:style/Theme.Translucent.NoTitleBar" />
310-->src/main/AndroidManifest.xml:236:7-66
311
312        <service
312-->src/main/AndroidManifest.xml:238:5-240:34
313            android:name="host.exp.exponent.ExponentIntentService"
313-->src/main/AndroidManifest.xml:239:7-44
314            android:exported="false" />
314-->src/main/AndroidManifest.xml:240:7-31
315
316        <!-- Analytics -->
317        <receiver
317-->src/main/AndroidManifest.xml:243:5-249:16
318            android:name="host.exp.exponent.referrer.InstallReferrerReceiver"
318-->src/main/AndroidManifest.xml:244:7-72
319            android:exported="true" >
319-->src/main/AndroidManifest.xml:245:7-30
320            <intent-filter>